Arguments: 
  /usr/local/bin/node /usr/local/bin/yarn install

PATH: 
  /usr/local/bin:/usr/bin:/bin:/usr/sbin:/sbin:/Library/Apple/usr/bin

Yarn version: 
  1.22.4

Node version: 
  12.18.3

Platform: 
  darwin x64

Trace: 
  SyntaxError: /Users/marcowurtz/Documents/GitHub/TSPlayground/TypeScriptPlayground/RNCourseGoalsAPP/package.json: Unexpected token } in JSON at position 360
      at JSON.parse (<anonymous>)
      at /usr/local/lib/node_modules/yarn/lib/cli.js:1625:59
      at Generator.next (<anonymous>)
      at step (/usr/local/lib/node_modules/yarn/lib/cli.js:310:30)
      at /usr/local/lib/node_modules/yarn/lib/cli.js:321:13

npm manifest: 
  {
  	"main": "index.js",
  	"scripts": {
  		"android": "react-native run-android",
  		"ios": "react-native run-ios",
  		"web": "expo start --web",
  		"start": "react-native start",
  		"test": "jest",
  		"lint": "eslint \"{src,test}/**/*.{js,jsx,ts,tsx}\"",
  		"lintfix": "eslint \"{src,test}/**/*.{js,jsx,ts,tsx}\"",
  		"stylelintfix": "npx stylelint '**/*.scss' --fix",
  	},
  	"dependencies": {
  		"expo": "~38.0.9",
  		"expo-splash-screen": "^0.5.0",
  		"expo-status-bar": "^1.0.0",
  		"expo-updates": "~0.2.8",
  		"react": "~16.11.0",
  		"react-dom": "~16.11.0",
  		"react-native": "~0.62.2",
  		"react-native-gesture-handler": "~1.6.0",
  		"react-native-reanimated": "~1.9.0",
  		"react-native-screens": "~2.9.0",
  		"react-native-unimodules": "~0.10.0",
  		"react-native-web": "~0.11.7",
  		"@types/styled-components": "^5.1.0",
  		"typescript": "^4.0.2"
  	},
  	"devDependencies": {
  		"@types/react": "~16.9.23",
  		"@types/react-dom": "~16.9.8",
  		"@types/react-native": "~0.61.23",
  		"babel-preset-expo": "~8.2.0",
  		"jest-expo": "~38.0.0",
  		"typescript": "~3.9.5",
  		"@babel/core": "^7.8.6",
  		"@typescript-eslint/eslint-plugin": "^3.6.1",
  		"@typescript-eslint/parser": "^4.0.1",
  		"babel-eslint": "^10.1.0",
  		"eslint-config-airbnb": "^17.1.1",
  		"eslint-config-wesbos": "0.0.19",
  		"eslint-import-resolver-typescript": "^2.2.1",
  		"eslint-plugin-html": "^5.0.5",
  		"eslint-plugin-import": "^2.22.0",
  		"eslint-plugin-jsx-a11y": "^6.3.1",
  		"eslint-plugin-react": "^7.20.3",
  		"eslint-plugin-react-hooks": "^4.0.8",
  		"npm-run-all": "^4.1.5",
  		"react-test-renderer": "^16.13.1",
  		"stylelint": "^13.7.0",
  		"stylelint-config-sass-guidelines": "^7.0.0"
  	},
  	"jest": {
  		"preset": "react-native"
  	},
  	"private": true
  }

yarn manifest: 
  No manifest

Lockfile: 
  No lockfile
